This file contains any messages produced by compilers while
running configure, to aid debugging if configure makes a mistake.

It was created by configure, which was
generated by GNU Autoconf 2.57.  Invocation command line was

  $ ./configure --enable-standalone-rts

## --------- ##
## Platform. ##
## --------- ##

hostname = skalman.altocumulus.org
uname -m = i686
uname -r = 2.4.20-31.9
uname -s = Linux
uname -v = #1 Tue Apr 13 18:04:23 EDT 2004

/usr/bin/uname -p = unknown
/bin/uname -X     = unknown

/bin/arch              = i686
/usr/bin/arch -k       = unknown
/usr/convex/getsysinfo = unknown
hostinfo               = unknown
/bin/machine           = unknown
/usr/bin/oslevel       = unknown
/bin/universe          = unknown

PATH: /home/hallgren/bin/common
PATH: /home/hallgren/bin/i386-linux
PATH: /usr/local/bin
PATH: /bin
PATH: /usr/bin
PATH: /usr/X11R6/bin
PATH: /sbin
PATH: /usr/sbin
PATH: .


## ----------- ##
## Core tests. ##
## ----------- ##

configure:1378: checking build system type
configure:1396: result: i686-pc-linux-gnu
configure:1404: checking host system type
configure:1418: result: i686-pc-linux-gnu
configure:1426: checking target system type
configure:1440: result: i686-pc-linux-gnu
configure:1844: checking for path to top of build tree
configure:1865: result: /local/home/hallgren/src/House/hOp-2004-06-09/ghc-6.2
configure:1880: checking for ghc
configure:1898: found /usr/bin/ghc
configure:1910: result: /usr/bin/ghc
configure:1936: checking version of ghc
The Glorious Glasgow Haskell Compilation System, version 6.2.1
configure:1965: result: 6.2.1
configure:1974: checking for nhc
configure:2007: result: no
configure:1974: checking for nhc98
configure:2007: result: no
configure:2016: checking for hbc
configure:2034: found /usr/local/bin/hbc
configure:2046: result: /usr/local/bin/hbc
configure:2183: checking whether #! works in shell scripts
configure:2200: result: yes
configure:2251: checking for perl
configure:2269: found /usr/bin/perl
configure:2281: result: /usr/bin/perl
configure:2317: checking if your perl works in shell scripts
configure:2335: result: yes
configure:2340: checking for python
configure:2358: found /usr/bin/python
configure:2370: result: /usr/bin/python
configure:2424: checking for gcc
configure:2440: found /usr/bin/gcc
configure:2450: result: gcc
configure:2694: checking for C compiler version
configure:2697: gcc --version </dev/null >&5
gcc (GCC) 3.2.2 20030222 (Red Hat Linux 3.2.2-5)
Copyright (C) 2002 Free Software Foundation, Inc.
This is free software; see the source for copying conditions.  There is NO
warranty; not even for MERCHANTABILITY or FITNESS FOR A PARTICULAR PURPOSE.

configure:2700: $? = 0
configure:2702: gcc -v </dev/null >&5
Reading specs from /usr/lib/gcc-lib/i386-redhat-linux/3.2.2/specs
Configured with: ../configure --prefix=/usr --mandir=/usr/share/man --infodir=/usr/share/info --enable-shared --enable-threads=posix --disable-checking --with-system-zlib --enable-__cxa_atexit --host=i386-redhat-linux
Thread model: posix
gcc version 3.2.2 20030222 (Red Hat Linux 3.2.2-5)
configure:2705: $? = 0
configure:2707: gcc -V </dev/null >&5
gcc: argument to `-V' is missing
configure:2710: $? = 1
configure:2734: checking for C compiler default output
configure:2737: gcc    conftest.c  >&5
configure:2740: $? = 0
configure:2786: result: a.out
configure:2791: checking whether the C compiler works
configure:2797: ./a.out
configure:2800: $? = 0
configure:2817: result: yes
configure:2824: checking whether we are cross compiling
configure:2826: result: no
configure:2829: checking for suffix of executables
configure:2831: gcc -o conftest    conftest.c  >&5
configure:2834: $? = 0
configure:2859: result: 
configure:2865: checking for suffix of object files
configure:2887: gcc -c   conftest.c >&5
configure:2890: $? = 0
configure:2912: result: o
configure:2916: checking whether we are using the GNU C compiler
configure:2941: gcc -c   conftest.c >&5
configure:2944: $? = 0
configure:2947: test -s conftest.o
configure:2950: $? = 0
configure:2963: result: yes
configure:2969: checking whether gcc accepts -g
configure:2991: gcc -c -g  conftest.c >&5
configure:2994: $? = 0
configure:2997: test -s conftest.o
configure:3000: $? = 0
configure:3011: result: yes
configure:3028: checking for gcc option to accept ANSI C
configure:3089: gcc  -c -g -O2  conftest.c >&5
configure:3092: $? = 0
configure:3095: test -s conftest.o
configure:3098: $? = 0
configure:3116: result: none needed
configure:3134: gcc -c -g -O2  conftest.c >&5
conftest.c:2: parse error before "me"
configure:3137: $? = 1
configure: failed program was:
| #ifndef __cplusplus
|   choke me
| #endif
configure:3246: checking whether you have an ok gcc
configure:3294: result: yes
configure:3299: checking whether gcc needs -mno-omit-leaf-frame-pointer
configure:3331: result: yes
configure:3346: checking how to run the C preprocessor
configure:3382: gcc -E  conftest.c
configure:3388: $? = 0
configure:3420: gcc -E  conftest.c
configure:3420:28: ac_nonexistent.h: No such file or directory
configure:3426: $? = 1
configure: failed program was:
| #line 3411 "configure"
| /* confdefs.h.  */
| 
| #define PACKAGE_NAME ""
| #define PACKAGE_TARNAME ""
| #define PACKAGE_VERSION ""
| #define PACKAGE_STRING ""
| #define PACKAGE_BUGREPORT ""
| #define HAVE_GCC_MNO_OMIT_LFPTR 1
| /* end confdefs.h.  */
| #include <ac_nonexistent.h>
configure:3464: result: gcc -E
configure:3489: gcc -E  conftest.c
configure:3495: $? = 0
configure:3527: gcc -E  conftest.c
configure:3527:28: ac_nonexistent.h: No such file or directory
configure:3533: $? = 1
configure: failed program was:
| #line 3518 "configure"
| /* confdefs.h.  */
| 
| #define PACKAGE_NAME ""
| #define PACKAGE_TARNAME ""
| #define PACKAGE_VERSION ""
| #define PACKAGE_STRING ""
| #define PACKAGE_BUGREPORT ""
| #define HAVE_GCC_MNO_OMIT_LFPTR 1
| /* end confdefs.h.  */
| #include <ac_nonexistent.h>
configure:3580: checking whether gcc accepts -mno-cygwin
configure:3614: result: no
configure:3624: checking for a working context diff
configure:3640: result: diff -C 1
configure:3653: checking for find
configure:3671: found /usr/bin/find
configure:3683: result: /usr/bin/find
configure:3767: checking for a BSD-compatible install
configure:3821: result: /usr/bin/install -c
configure:3841: checking for ar
configure:3859: found /usr/bin/ar
configure:3871: result: /usr/bin/ar
configure:4013: checking whether ln -s works
configure:4017: result: yes
configure:4028: checking for sed
configure:4046: found /bin/sed
configure:4058: result: /bin/sed
configure:4069: checking for time
configure:4087: found /usr/bin/time
configure:4099: result: /usr/bin/time
configure:4111: checking for gtar
configure:4129: found /bin/gtar
configure:4141: result: /bin/gtar
configure:4157: checking for openjade
configure:4175: found /usr/bin/openjade
configure:4187: result: /usr/bin/openjade
configure:4198: checking for DocBook CATALOG
configure:4224: /usr/bin/openjade -t rtf -d docs/fptools-both.dsl#print -c /etc/sgml/catalog conftest.sgml
configure:4227: $? = 0
configure:4239: result: /etc/sgml/catalog
configure:4270: using /usr/bin/ghc-pkg for ghc-pkg
configure:4425: checking for happy
configure:4443: found /usr/bin/happy
configure:4456: result: /usr/bin/happy
configure:4464: checking for version of happy
configure:4479: result: 1.14
configure:4530: checking for haddock
configure:4564: result: no
configure:4589: checking for alex
configure:4607: found /usr/local/bin/alex
configure:4620: result: /usr/local/bin/alex
configure:4628: checking for version of alex
configure:4643: result: 
configure:30855: checking whether #! works in shell scripts
configure:30872: result: yes
configure:30923: checking for perl
configure:30953: result: /usr/bin/perl
configure:31113: checking for main in -lm
configure:31138: gcc -o conftest -g -O2   conftest.c -lm   >&5
configure:31141: $? = 0
configure:31144: test -s conftest
configure:31147: $? = 0
configure:31159: result: yes
configure:31170: checking for __gmpz_fdiv_qr in -lgmp
configure:31201: gcc -o conftest -g -O2   conftest.c -lgmp   >&5
configure:31204: $? = 0
configure:31207: test -s conftest
configure:31210: $? = 0
configure:31222: result: yes
configure:31292: checking for long long
configure:31317: gcc -c -g -O2  conftest.c >&5
configure:31320: $? = 0
configure:31323: test -s conftest.o
configure:31326: $? = 0
configure:31337: result: yes
configure:31349: checking for char
configure:31374: gcc -c -g -O2  conftest.c >&5
configure:31377: $? = 0
configure:31380: test -s conftest.o
configure:31383: $? = 0
configure:31394: result: yes
configure:31397: checking size of char
configure:31672: gcc -o conftest -g -O2   conftest.c  >&5
configure:31675: $? = 0
configure:31677: ./conftest
configure:31680: $? = 0
configure:31703: result: 1
configure:31710: checking for double
configure:31735: gcc -c -g -O2  conftest.c >&5
configure:31738: $? = 0
configure:31741: test -s conftest.o
configure:31744: $? = 0
configure:31755: result: yes
configure:31758: checking size of double
configure:32033: gcc -o conftest -g -O2   conftest.c  >&5
configure:32036: $? = 0
configure:32038: ./conftest
configure:32041: $? = 0
configure:32064: result: 8
configure:32071: checking for float
configure:32096: gcc -c -g -O2  conftest.c >&5
configure:32099: $? = 0
configure:32102: test -s conftest.o
configure:32105: $? = 0
configure:32116: result: yes
configure:32119: checking size of float
configure:32394: gcc -o conftest -g -O2   conftest.c  >&5
configure:32397: $? = 0
configure:32399: ./conftest
configure:32402: $? = 0
configure:32425: result: 4
configure:32432: checking for int
configure:32457: gcc -c -g -O2  conftest.c >&5
configure:32460: $? = 0
configure:32463: test -s conftest.o
configure:32466: $? = 0
configure:32477: result: yes
configure:32480: checking size of int
configure:32755: gcc -o conftest -g -O2   conftest.c  >&5
configure:32758: $? = 0
configure:32760: ./conftest
configure:32763: $? = 0
configure:32786: result: 4
configure:32793: checking for long
configure:32818: gcc -c -g -O2  conftest.c >&5
configure:32821: $? = 0
configure:32824: test -s conftest.o
configure:32827: $? = 0
configure:32838: result: yes
configure:32841: checking size of long
configure:33116: gcc -o conftest -g -O2   conftest.c  >&5
configure:33119: $? = 0
configure:33121: ./conftest
configure:33124: $? = 0
configure:33147: result: 4
configure:33155: checking for long long
configure:33200: result: yes
configure:33203: checking size of long long
configure:33478: gcc -o conftest -g -O2   conftest.c  >&5
configure:33481: $? = 0
configure:33483: ./conftest
configure:33486: $? = 0
configure:33509: result: 8
configure:33517: checking for short
configure:33542: gcc -c -g -O2  conftest.c >&5
configure:33545: $? = 0
configure:33548: test -s conftest.o
configure:33551: $? = 0
configure:33562: result: yes
configure:33565: checking size of short
configure:33840: gcc -o conftest -g -O2   conftest.c  >&5
configure:33843: $? = 0
configure:33845: ./conftest
configure:33848: $? = 0
configure:33871: result: 2
configure:33878: checking for unsigned char
configure:33903: gcc -c -g -O2  conftest.c >&5
configure:33906: $? = 0
configure:33909: test -s conftest.o
configure:33912: $? = 0
configure:33923: result: yes
configure:33926: checking size of unsigned char
configure:34201: gcc -o conftest -g -O2   conftest.c  >&5
configure:34204: $? = 0
configure:34206: ./conftest
configure:34209: $? = 0
configure:34232: result: 1
configure:34239: checking for unsigned int
configure:34264: gcc -c -g -O2  conftest.c >&5
configure:34267: $? = 0
configure:34270: test -s conftest.o
configure:34273: $? = 0
configure:34284: result: yes
configure:34287: checking size of unsigned int
configure:34562: gcc -o conftest -g -O2   conftest.c  >&5
configure:34565: $? = 0
configure:34567: ./conftest
configure:34570: $? = 0
configure:34593: result: 4
configure:34600: checking for unsigned long
configure:34625: gcc -c -g -O2  conftest.c >&5
configure:34628: $? = 0
configure:34631: test -s conftest.o
configure:34634: $? = 0
configure:34645: result: yes
configure:34648: checking size of unsigned long
configure:34923: gcc -o conftest -g -O2   conftest.c  >&5
configure:34926: $? = 0
configure:34928: ./conftest
configure:34931: $? = 0
configure:34954: result: 4
configure:34962: checking for unsigned long long
configure:34987: gcc -c -g -O2  conftest.c >&5
configure:34990: $? = 0
configure:34993: test -s conftest.o
configure:34996: $? = 0
configure:35007: result: yes
configure:35010: checking size of unsigned long long
configure:35285: gcc -o conftest -g -O2   conftest.c  >&5
configure:35288: $? = 0
configure:35290: ./conftest
configure:35293: $? = 0
configure:35316: result: 8
configure:35324: checking for unsigned short
configure:35349: gcc -c -g -O2  conftest.c >&5
configure:35352: $? = 0
configure:35355: test -s conftest.o
configure:35358: $? = 0
configure:35369: result: yes
configure:35372: checking size of unsigned short
configure:35647: gcc -o conftest -g -O2   conftest.c  >&5
configure:35650: $? = 0
configure:35652: ./conftest
configure:35655: $? = 0
configure:35678: result: 2
configure:35685: checking for void *
configure:35710: gcc -c -g -O2  conftest.c >&5
configure:35713: $? = 0
configure:35716: test -s conftest.o
configure:35719: $? = 0
configure:35730: result: yes
configure:35733: checking size of void *
configure:36008: gcc -o conftest -g -O2   conftest.c  >&5
configure:36011: $? = 0
configure:36013: ./conftest
configure:36016: $? = 0
configure:36039: result: 4
configure:36047: checking for char
configure:36092: result: yes
configure:36094: checking alignment of char
configure:36365: gcc -o conftest -g -O2   conftest.c  >&5
configure:36368: $? = 0
configure:36370: ./conftest
configure:36373: $? = 0
configure:36396: result: 1
configure:36402: checking for double
configure:36447: result: yes
configure:36449: checking alignment of double
configure:36720: gcc -o conftest -g -O2   conftest.c  >&5
configure:36723: $? = 0
configure:36725: ./conftest
configure:36728: $? = 0
configure:36751: result: 4
configure:36757: checking for float
configure:36802: result: yes
configure:36804: checking alignment of float
configure:37075: gcc -o conftest -g -O2   conftest.c  >&5
configure:37078: $? = 0
configure:37080: ./conftest
configure:37083: $? = 0
configure:37106: result: 4
configure:37112: checking for int
configure:37157: result: yes
configure:37159: checking alignment of int
configure:37430: gcc -o conftest -g -O2   conftest.c  >&5
configure:37433: $? = 0
configure:37435: ./conftest
configure:37438: $? = 0
configure:37461: result: 4
configure:37467: checking for long
configure:37512: result: yes
configure:37514: checking alignment of long
configure:37785: gcc -o conftest -g -O2   conftest.c  >&5
configure:37788: $? = 0
configure:37790: ./conftest
configure:37793: $? = 0
configure:37816: result: 4
configure:37823: checking for long long
configure:37868: result: yes
configure:37870: checking alignment of long long
configure:38141: gcc -o conftest -g -O2   conftest.c  >&5
configure:38144: $? = 0
configure:38146: ./conftest
configure:38149: $? = 0
configure:38172: result: 4
configure:38179: checking for short
configure:38224: result: yes
configure:38226: checking alignment of short
configure:38497: gcc -o conftest -g -O2   conftest.c  >&5
configure:38500: $? = 0
configure:38502: ./conftest
configure:38505: $? = 0
configure:38528: result: 2
configure:38534: checking for unsigned char
configure:38579: result: yes
configure:38581: checking alignment of unsigned char
configure:38852: gcc -o conftest -g -O2   conftest.c  >&5
configure:38855: $? = 0
configure:38857: ./conftest
configure:38860: $? = 0
configure:38883: result: 1
configure:38889: checking for unsigned int
configure:38934: result: yes
configure:38936: checking alignment of unsigned int
configure:39207: gcc -o conftest -g -O2   conftest.c  >&5
configure:39210: $? = 0
configure:39212: ./conftest
configure:39215: $? = 0
configure:39238: result: 4
configure:39244: checking for unsigned long
configure:39289: result: yes
configure:39291: checking alignment of unsigned long
configure:39562: gcc -o conftest -g -O2   conftest.c  >&5
configure:39565: $? = 0
configure:39567: ./conftest
configure:39570: $? = 0
configure:39593: result: 4
configure:39600: checking for unsigned long long
configure:39645: result: yes
configure:39647: checking alignment of unsigned long long
configure:39918: gcc -o conftest -g -O2   conftest.c  >&5
configure:39921: $? = 0
configure:39923: ./conftest
configure:39926: $? = 0
configure:39949: result: 4
configure:39956: checking for unsigned short
configure:40001: result: yes
configure:40003: checking alignment of unsigned short
configure:40274: gcc -o conftest -g -O2   conftest.c  >&5
configure:40277: $? = 0
configure:40279: ./conftest
configure:40282: $? = 0
configure:40305: result: 2
configure:40311: checking for void *
configure:40356: result: yes
configure:40358: checking alignment of void *
configure:40629: gcc -o conftest -g -O2   conftest.c  >&5
configure:40632: $? = 0
configure:40634: ./conftest
configure:40637: $? = 0
configure:40660: result: 4
configure:40667: checking Haskell type for char
configure:40759: gcc -o conftest -g -O2    conftest.c  >&5
configure:40762: $? = 0
configure:40764: ./conftest
configure:40767: $? = 0
configure:40783: result: Int8
configure:40795: checking Haskell type for signed char
configure:40887: gcc -o conftest -g -O2    conftest.c  >&5
configure:40890: $? = 0
configure:40892: ./conftest
configure:40895: $? = 0
configure:40911: result: Int8
configure:40923: checking Haskell type for unsigned char
configure:41015: gcc -o conftest -g -O2    conftest.c  >&5
configure:41018: $? = 0
configure:41020: ./conftest
configure:41023: $? = 0
configure:41039: result: Word8
configure:41051: checking Haskell type for short
configure:41143: gcc -o conftest -g -O2    conftest.c  >&5
configure:41146: $? = 0
configure:41148: ./conftest
configure:41151: $? = 0
configure:41167: result: Int16
configure:41179: checking Haskell type for unsigned short
configure:41271: gcc -o conftest -g -O2    conftest.c  >&5
configure:41274: $? = 0
configure:41276: ./conftest
configure:41279: $? = 0
configure:41295: result: Word16
configure:41307: checking Haskell type for int
configure:41399: gcc -o conftest -g -O2    conftest.c  >&5
configure:41402: $? = 0
configure:41404: ./conftest
configure:41407: $? = 0
configure:41423: result: Int32
configure:41435: checking Haskell type for unsigned int
configure:41527: gcc -o conftest -g -O2    conftest.c  >&5
configure:41530: $? = 0
configure:41532: ./conftest
configure:41535: $? = 0
configure:41551: result: Word32
configure:41563: checking Haskell type for long
configure:41655: gcc -o conftest -g -O2    conftest.c  >&5
configure:41658: $? = 0
configure:41660: ./conftest
configure:41663: $? = 0
configure:41679: result: Int32
configure:41691: checking Haskell type for unsigned long
configure:41783: gcc -o conftest -g -O2    conftest.c  >&5
configure:41786: $? = 0
configure:41788: ./conftest
configure:41791: $? = 0
configure:41807: result: Word32
configure:41820: checking Haskell type for long long
configure:41912: gcc -o conftest -g -O2    conftest.c  >&5
configure:41915: $? = 0
configure:41917: ./conftest
configure:41920: $? = 0
configure:41936: result: Int64
configure:41948: checking Haskell type for unsigned long long
configure:42040: gcc -o conftest -g -O2    conftest.c  >&5
configure:42043: $? = 0
configure:42045: ./conftest
configure:42048: $? = 0
configure:42064: result: Word64
configure:42077: checking Haskell type for float
configure:42169: gcc -o conftest -g -O2    conftest.c  >&5
configure:42172: $? = 0
configure:42174: ./conftest
configure:42177: $? = 0
configure:42193: result: Float
configure:42205: checking Haskell type for double
configure:42297: gcc -o conftest -g -O2    conftest.c  >&5
configure:42300: $? = 0
configure:42302: ./conftest
configure:42305: $? = 0
configure:42321: result: Double
configure:42333: checking Haskell type for ptrdiff_t
configure:42425: gcc -o conftest -g -O2    conftest.c  >&5
configure:42428: $? = 0
configure:42430: ./conftest
configure:42433: $? = 0
configure:42449: result: Int32
configure:42461: checking Haskell type for size_t
configure:42553: gcc -o conftest -g -O2    conftest.c  >&5
configure:42556: $? = 0
configure:42558: ./conftest
configure:42561: $? = 0
configure:42577: result: Word32
configure:42589: checking Haskell type for wchar_t
configure:42681: gcc -o conftest -g -O2    conftest.c  >&5
configure:42684: $? = 0
configure:42686: ./conftest
configure:42689: $? = 0
configure:42705: result: Int32
configure:42718: checking for an ANSI C-conforming const
configure:42786: gcc -c -g -O2  conftest.c >&5
configure:42789: $? = 0
configure:42792: test -s conftest.o
configure:42795: $? = 0
configure:42806: result: yes
configure:42817: checking whether byte ordering is bigendian
configure:42845: gcc -c -g -O2  conftest.c >&5
configure:42848: $? = 0
configure:42851: test -s conftest.o
configure:42854: $? = 0
configure:42879: gcc -c -g -O2  conftest.c >&5
configure: In function `main':
configure:42918: `not' undeclared (first use in this function)
configure:42918: (Each undeclared identifier is reported only once
configure:42918: for each function it appears in.)
configure:42918: parse error before "big"
configure:42882: $? = 1
configure: failed program was:
| #line 42857 "configure"
| /* confdefs.h.  */
| 
| #define PACKAGE_NAME ""
| #define PACKAGE_TARNAME ""
| #define PACKAGE_VERSION ""
| #define PACKAGE_STRING ""
| #define PACKAGE_BUGREPORT ""
| #define HAVE_GCC_MNO_OMIT_LFPTR 1
| #define HAVE_BIN_SH 1
| #define STANDALONE 1
| #define HAVE_LONG_LONG 1
| #define SIZEOF_CHAR 1
| #define SIZEOF_DOUBLE 8
| #define SIZEOF_FLOAT 4
| #define SIZEOF_INT 4
| #define SIZEOF_LONG 4
| #define SIZEOF_LONG_LONG 8
| #define SIZEOF_SHORT 2
| #define SIZEOF_UNSIGNED_CHAR 1
| #define SIZEOF_UNSIGNED_INT 4
| #define SIZEOF_UNSIGNED_LONG 4
| #define SIZEOF_UNSIGNED_LONG_LONG 8
| #define SIZEOF_UNSIGNED_SHORT 2
| #define SIZEOF_VOID_P 4
| #define ALIGNMENT_CHAR 1
| #define ALIGNMENT_DOUBLE 4
| #define ALIGNMENT_FLOAT 4
| #define ALIGNMENT_INT 4
| #define ALIGNMENT_LONG 4
| #define ALIGNMENT_LONG_LONG 4
| #define ALIGNMENT_SHORT 2
| #define ALIGNMENT_UNSIGNED_CHAR 1
| #define ALIGNMENT_UNSIGNED_INT 4
| #define ALIGNMENT_UNSIGNED_LONG 4
| #define ALIGNMENT_UNSIGNED_LONG_LONG 4
| #define ALIGNMENT_UNSIGNED_SHORT 2
| #define ALIGNMENT_VOID_P 4
| #define HTYPE_CHAR Int8
| #define HTYPE_SIGNED_CHAR Int8
| #define HTYPE_UNSIGNED_CHAR Word8
| #define HTYPE_SHORT Int16
| #define HTYPE_UNSIGNED_SHORT Word16
| #define HTYPE_INT Int32
| #define HTYPE_UNSIGNED_INT Word32
| #define HTYPE_LONG Int32
| #define HTYPE_UNSIGNED_LONG Word32
| #define HTYPE_LONG_LONG Int64
| #define HTYPE_UNSIGNED_LONG_LONG Word64
| #define HTYPE_FLOAT Float
| #define HTYPE_DOUBLE Double
| #define HTYPE_PTRDIFF_T Int32
| #define HTYPE_SIZE_T Word32
| #define HTYPE_WCHAR_T Int32
| /* end confdefs.h.  */
| #include <sys/types.h>
| #include <sys/param.h>
| 
| int
| main ()
| {
| #if BYTE_ORDER != BIG_ENDIAN
|  not big endian
| #endif
| 
|   ;
|   return 0;
| }
configure:43002: result: no
configure:43022: checking for nlist in -lelf
configure:43053: gcc -o conftest -g -O2   conftest.c -lelf   >&5
/usr/bin/ld: cannot find -lelf
collect2: ld returned 1 exit status
configure:43056: $? = 1
configure: failed program was:
| #line 43029 "configure"
| /* confdefs.h.  */
| 
| #define PACKAGE_NAME ""
| #define PACKAGE_TARNAME ""
| #define PACKAGE_VERSION ""
| #define PACKAGE_STRING ""
| #define PACKAGE_BUGREPORT ""
| #define HAVE_GCC_MNO_OMIT_LFPTR 1
| #define HAVE_BIN_SH 1
| #define STANDALONE 1
| #define HAVE_LONG_LONG 1
| #define SIZEOF_CHAR 1
| #define SIZEOF_DOUBLE 8
| #define SIZEOF_FLOAT 4
| #define SIZEOF_INT 4
| #define SIZEOF_LONG 4
| #define SIZEOF_LONG_LONG 8
| #define SIZEOF_SHORT 2
| #define SIZEOF_UNSIGNED_CHAR 1
| #define SIZEOF_UNSIGNED_INT 4
| #define SIZEOF_UNSIGNED_LONG 4
| #define SIZEOF_UNSIGNED_LONG_LONG 8
| #define SIZEOF_UNSIGNED_SHORT 2
| #define SIZEOF_VOID_P 4
| #define ALIGNMENT_CHAR 1
| #define ALIGNMENT_DOUBLE 4
| #define ALIGNMENT_FLOAT 4
| #define ALIGNMENT_INT 4
| #define ALIGNMENT_LONG 4
| #define ALIGNMENT_LONG_LONG 4
| #define ALIGNMENT_SHORT 2
| #define ALIGNMENT_UNSIGNED_CHAR 1
| #define ALIGNMENT_UNSIGNED_INT 4
| #define ALIGNMENT_UNSIGNED_LONG 4
| #define ALIGNMENT_UNSIGNED_LONG_LONG 4
| #define ALIGNMENT_UNSIGNED_SHORT 2
| #define ALIGNMENT_VOID_P 4
| #define HTYPE_CHAR Int8
| #define HTYPE_SIGNED_CHAR Int8
| #define HTYPE_UNSIGNED_CHAR Word8
| #define HTYPE_SHORT Int16
| #define HTYPE_UNSIGNED_SHORT Word16
| #define HTYPE_INT Int32
| #define HTYPE_UNSIGNED_INT Word32
| #define HTYPE_LONG Int32
| #define HTYPE_UNSIGNED_LONG Word32
| #define HTYPE_LONG_LONG Int64
| #define HTYPE_UNSIGNED_LONG_LONG Word64
| #define HTYPE_FLOAT Float
| #define HTYPE_DOUBLE Double
| #define HTYPE_PTRDIFF_T Int32
| #define HTYPE_SIZE_T Word32
| #define HTYPE_WCHAR_T Int32
| /* end confdefs.h.  */
| 
| /* Override any gcc2 internal prototype to avoid an error.  */
| #ifdef __cplusplus
| extern "C"
| #endif
| /* We use char because int might match the return type of a gcc2
|    builtin and then its argument prototype would still apply.  */
| char nlist ();
| int
| main ()
| {
| nlist ();
|   ;
|   return 0;
| }
configure:43074: result: no
configure:43079: checking leading underscore in symbol names
configure:43126: gcc -o conftest -g -O2   conftest.c  >&5
configure:43129: $? = 0
configure:43131: ./conftest
configure:43134: $? = 1
configure: program exited with status 1
configure: failed program was:
| #line 43098 "configure"
| /* confdefs.h.  */
| 
| #define PACKAGE_NAME ""
| #define PACKAGE_TARNAME ""
| #define PACKAGE_VERSION ""
| #define PACKAGE_STRING ""
| #define PACKAGE_BUGREPORT ""
| #define HAVE_GCC_MNO_OMIT_LFPTR 1
| #define HAVE_BIN_SH 1
| #define STANDALONE 1
| #define HAVE_LONG_LONG 1
| #define SIZEOF_CHAR 1
| #define SIZEOF_DOUBLE 8
| #define SIZEOF_FLOAT 4
| #define SIZEOF_INT 4
| #define SIZEOF_LONG 4
| #define SIZEOF_LONG_LONG 8
| #define SIZEOF_SHORT 2
| #define SIZEOF_UNSIGNED_CHAR 1
| #define SIZEOF_UNSIGNED_INT 4
| #define SIZEOF_UNSIGNED_LONG 4
| #define SIZEOF_UNSIGNED_LONG_LONG 8
| #define SIZEOF_UNSIGNED_SHORT 2
| #define SIZEOF_VOID_P 4
| #define ALIGNMENT_CHAR 1
| #define ALIGNMENT_DOUBLE 4
| #define ALIGNMENT_FLOAT 4
| #define ALIGNMENT_INT 4
| #define ALIGNMENT_LONG 4
| #define ALIGNMENT_LONG_LONG 4
| #define ALIGNMENT_SHORT 2
| #define ALIGNMENT_UNSIGNED_CHAR 1
| #define ALIGNMENT_UNSIGNED_INT 4
| #define ALIGNMENT_UNSIGNED_LONG 4
| #define ALIGNMENT_UNSIGNED_LONG_LONG 4
| #define ALIGNMENT_UNSIGNED_SHORT 2
| #define ALIGNMENT_VOID_P 4
| #define HTYPE_CHAR Int8
| #define HTYPE_SIGNED_CHAR Int8
| #define HTYPE_UNSIGNED_CHAR Word8
| #define HTYPE_SHORT Int16
| #define HTYPE_UNSIGNED_SHORT Word16
| #define HTYPE_INT Int32
| #define HTYPE_UNSIGNED_INT Word32
| #define HTYPE_LONG Int32
| #define HTYPE_UNSIGNED_LONG Word32
| #define HTYPE_LONG_LONG Int64
| #define HTYPE_UNSIGNED_LONG_LONG Word64
| #define HTYPE_FLOAT Float
| #define HTYPE_DOUBLE Double
| #define HTYPE_PTRDIFF_T Int32
| #define HTYPE_SIZE_T Word32
| #define HTYPE_WCHAR_T Int32
| /* end confdefs.h.  */
| #ifdef HAVE_NLIST_H
| #include <nlist.h>
| 
| struct nlist xYzzY1[] = {{"xYzzY1", 0},{0}};
| struct nlist xYzzY2[] = {{"_xYzzY2", 0},{0}};
| #endif
| 
| main(argc, argv)
| int argc;
| char **argv;
| {
| #ifdef HAVE_NLIST_H
|     if(nlist(argv[0], xYzzY1) == 0 && xYzzY1[0].n_value != 0)
|         exit(1);
|     if(nlist(argv[0], xYzzY2) == 0 && xYzzY2[0].n_value != 0)
|         exit(0);
| #endif
|     exit(1);
| }
configure:43150: result: no
configure:43165: checking for ld
configure:43183: found /usr/bin/ld
configure:43195: result: /usr/bin/ld
configure:43204: checking whether ld understands -x
configure:43220: result: yes
configure:43237: checking for strcasecmp
configure:43287: gcc -o conftest -g -O2   conftest.c  >&5
configure:43290: $? = 0
configure:43293: test -s conftest
configure:43296: $? = 0
configure:43307: result: yes
configure:43237: checking for _stricmp
configure:43287: gcc -o conftest -g -O2   conftest.c  >&5
/tmp/ccmKSJiP.o(.text+0x11): In function `main':
/local/home/hallgren/src/House/hOp-2004-06-09/ghc-6.2/configure:43329: undefined reference to `_stricmp'
/tmp/ccmKSJiP.o(.data+0x0):/local/home/hallgren/src/House/hOp-2004-06-09/ghc-6.2/configure:43328: undefined reference to `_stricmp'
collect2: ld returned 1 exit status
configure:43290: $? = 1
configure: failed program was:
| #line 43242 "configure"
| /* confdefs.h.  */
| 
| #define PACKAGE_NAME ""
| #define PACKAGE_TARNAME ""
| #define PACKAGE_VERSION ""
| #define PACKAGE_STRING ""
| #define PACKAGE_BUGREPORT ""
| #define HAVE_GCC_MNO_OMIT_LFPTR 1
| #define HAVE_BIN_SH 1
| #define STANDALONE 1
| #define HAVE_LONG_LONG 1
| #define SIZEOF_CHAR 1
| #define SIZEOF_DOUBLE 8
| #define SIZEOF_FLOAT 4
| #define SIZEOF_INT 4
| #define SIZEOF_LONG 4
| #define SIZEOF_LONG_LONG 8
| #define SIZEOF_SHORT 2
| #define SIZEOF_UNSIGNED_CHAR 1
| #define SIZEOF_UNSIGNED_INT 4
| #define SIZEOF_UNSIGNED_LONG 4
| #define SIZEOF_UNSIGNED_LONG_LONG 8
| #define SIZEOF_UNSIGNED_SHORT 2
| #define SIZEOF_VOID_P 4
| #define ALIGNMENT_CHAR 1
| #define ALIGNMENT_DOUBLE 4
| #define ALIGNMENT_FLOAT 4
| #define ALIGNMENT_INT 4
| #define ALIGNMENT_LONG 4
| #define ALIGNMENT_LONG_LONG 4
| #define ALIGNMENT_SHORT 2
| #define ALIGNMENT_UNSIGNED_CHAR 1
| #define ALIGNMENT_UNSIGNED_INT 4
| #define ALIGNMENT_UNSIGNED_LONG 4
| #define ALIGNMENT_UNSIGNED_LONG_LONG 4
| #define ALIGNMENT_UNSIGNED_SHORT 2
| #define ALIGNMENT_VOID_P 4
| #define HTYPE_CHAR Int8
| #define HTYPE_SIGNED_CHAR Int8
| #define HTYPE_UNSIGNED_CHAR Word8
| #define HTYPE_SHORT Int16
| #define HTYPE_UNSIGNED_SHORT Word16
| #define HTYPE_INT Int32
| #define HTYPE_UNSIGNED_INT Word32
| #define HTYPE_LONG Int32
| #define HTYPE_UNSIGNED_LONG Word32
| #define HTYPE_LONG_LONG Int64
| #define HTYPE_UNSIGNED_LONG_LONG Word64
| #define HTYPE_FLOAT Float
| #define HTYPE_DOUBLE Double
| #define HTYPE_PTRDIFF_T Int32
| #define HTYPE_SIZE_T Word32
| #define HTYPE_WCHAR_T Int32
| #define HAVE_STRCASECMP 1
| /* end confdefs.h.  */
| /* System header to define __stub macros and hopefully few prototypes,
|     which can conflict with char _stricmp (); below.
|     Prefer <limits.h> to <assert.h> if __STDC__ is defined, since
|     <limits.h> exists even on freestanding compilers.  */
| #ifdef __STDC__
| # include <limits.h>
| #else
| # include <assert.h>
| #endif
| /* Override any gcc2 internal prototype to avoid an error.  */
| #ifdef __cplusplus
| extern "C"
| {
| #endif
| /* We use char because int might match the return type of a gcc2
|    builtin and then its argument prototype would still apply.  */
| char _stricmp ();
| /* The GNU C library defines this for functions which it implements
|     to always fail with ENOSYS.  Some functions are actually named
|     something starting with __ and the normal name is an alias.  */
| #if defined (__stub__stricmp) || defined (__stub____stricmp)
| choke me
| #else
| char (*f) () = _stricmp;
| #endif
| #ifdef __cplusplus
| }
| #endif
| 
| int
| main ()
| {
| return f != _stricmp;
|   ;
|   return 0;
| }
configure:43307: result: no
configure:43237: checking for stricmp
configure:43287: gcc -o conftest -g -O2   conftest.c  >&5
/tmp/cceYZzsi.o(.text+0x11): In function `main':
/local/home/hallgren/src/House/hOp-2004-06-09/ghc-6.2/configure:43329: undefined reference to `stricmp'
/tmp/cceYZzsi.o(.data+0x0):/local/home/hallgren/src/House/hOp-2004-06-09/ghc-6.2/configure:43328: undefined reference to `stricmp'
collect2: ld returned 1 exit status
configure:43290: $? = 1
configure: failed program was:
| #line 43242 "configure"
| /* confdefs.h.  */
| 
| #define PACKAGE_NAME ""
| #define PACKAGE_TARNAME ""
| #define PACKAGE_VERSION ""
| #define PACKAGE_STRING ""
| #define PACKAGE_BUGREPORT ""
| #define HAVE_GCC_MNO_OMIT_LFPTR 1
| #define HAVE_BIN_SH 1
| #define STANDALONE 1
| #define HAVE_LONG_LONG 1
| #define SIZEOF_CHAR 1
| #define SIZEOF_DOUBLE 8
| #define SIZEOF_FLOAT 4
| #define SIZEOF_INT 4
| #define SIZEOF_LONG 4
| #define SIZEOF_LONG_LONG 8
| #define SIZEOF_SHORT 2
| #define SIZEOF_UNSIGNED_CHAR 1
| #define SIZEOF_UNSIGNED_INT 4
| #define SIZEOF_UNSIGNED_LONG 4
| #define SIZEOF_UNSIGNED_LONG_LONG 8
| #define SIZEOF_UNSIGNED_SHORT 2
| #define SIZEOF_VOID_P 4
| #define ALIGNMENT_CHAR 1
| #define ALIGNMENT_DOUBLE 4
| #define ALIGNMENT_FLOAT 4
| #define ALIGNMENT_INT 4
| #define ALIGNMENT_LONG 4
| #define ALIGNMENT_LONG_LONG 4
| #define ALIGNMENT_SHORT 2
| #define ALIGNMENT_UNSIGNED_CHAR 1
| #define ALIGNMENT_UNSIGNED_INT 4
| #define ALIGNMENT_UNSIGNED_LONG 4
| #define ALIGNMENT_UNSIGNED_LONG_LONG 4
| #define ALIGNMENT_UNSIGNED_SHORT 2
| #define ALIGNMENT_VOID_P 4
| #define HTYPE_CHAR Int8
| #define HTYPE_SIGNED_CHAR Int8
| #define HTYPE_UNSIGNED_CHAR Word8
| #define HTYPE_SHORT Int16
| #define HTYPE_UNSIGNED_SHORT Word16
| #define HTYPE_INT Int32
| #define HTYPE_UNSIGNED_INT Word32
| #define HTYPE_LONG Int32
| #define HTYPE_UNSIGNED_LONG Word32
| #define HTYPE_LONG_LONG Int64
| #define HTYPE_UNSIGNED_LONG_LONG Word64
| #define HTYPE_FLOAT Float
| #define HTYPE_DOUBLE Double
| #define HTYPE_PTRDIFF_T Int32
| #define HTYPE_SIZE_T Word32
| #define HTYPE_WCHAR_T Int32
| #define HAVE_STRCASECMP 1
| /* end confdefs.h.  */
| /* System header to define __stub macros and hopefully few prototypes,
|     which can conflict with char stricmp (); below.
|     Prefer <limits.h> to <assert.h> if __STDC__ is defined, since
|     <limits.h> exists even on freestanding compilers.  */
| #ifdef __STDC__
| # include <limits.h>
| #else
| # include <assert.h>
| #endif
| /* Override any gcc2 internal prototype to avoid an error.  */
| #ifdef __cplusplus
| extern "C"
| {
| #endif
| /* We use char because int might match the return type of a gcc2
|    builtin and then its argument prototype would still apply.  */
| char stricmp ();
| /* The GNU C library defines this for functions which it implements
|     to always fail with ENOSYS.  Some functions are actually named
|     something starting with __ and the normal name is an alias.  */
| #if defined (__stub_stricmp) || defined (__stub___stricmp)
| choke me
| #else
| char (*f) () = stricmp;
| #endif
| #ifdef __cplusplus
| }
| #endif
| 
| int
| main ()
| {
| return f != stricmp;
|   ;
|   return 0;
| }
configure:43307: result: no
configure:43237: checking for strcmpi
configure:43287: gcc -o conftest -g -O2   conftest.c  >&5
/tmp/cc0MzsJI.o(.text+0x11): In function `main':
/local/home/hallgren/src/House/hOp-2004-06-09/ghc-6.2/configure:43329: undefined reference to `strcmpi'
/tmp/cc0MzsJI.o(.data+0x0):/local/home/hallgren/src/House/hOp-2004-06-09/ghc-6.2/configure:43328: undefined reference to `strcmpi'
collect2: ld returned 1 exit status
configure:43290: $? = 1
configure: failed program was:
| #line 43242 "configure"
| /* confdefs.h.  */
| 
| #define PACKAGE_NAME ""
| #define PACKAGE_TARNAME ""
| #define PACKAGE_VERSION ""
| #define PACKAGE_STRING ""
| #define PACKAGE_BUGREPORT ""
| #define HAVE_GCC_MNO_OMIT_LFPTR 1
| #define HAVE_BIN_SH 1
| #define STANDALONE 1
| #define HAVE_LONG_LONG 1
| #define SIZEOF_CHAR 1
| #define SIZEOF_DOUBLE 8
| #define SIZEOF_FLOAT 4
| #define SIZEOF_INT 4
| #define SIZEOF_LONG 4
| #define SIZEOF_LONG_LONG 8
| #define SIZEOF_SHORT 2
| #define SIZEOF_UNSIGNED_CHAR 1
| #define SIZEOF_UNSIGNED_INT 4
| #define SIZEOF_UNSIGNED_LONG 4
| #define SIZEOF_UNSIGNED_LONG_LONG 8
| #define SIZEOF_UNSIGNED_SHORT 2
| #define SIZEOF_VOID_P 4
| #define ALIGNMENT_CHAR 1
| #define ALIGNMENT_DOUBLE 4
| #define ALIGNMENT_FLOAT 4
| #define ALIGNMENT_INT 4
| #define ALIGNMENT_LONG 4
| #define ALIGNMENT_LONG_LONG 4
| #define ALIGNMENT_SHORT 2
| #define ALIGNMENT_UNSIGNED_CHAR 1
| #define ALIGNMENT_UNSIGNED_INT 4
| #define ALIGNMENT_UNSIGNED_LONG 4
| #define ALIGNMENT_UNSIGNED_LONG_LONG 4
| #define ALIGNMENT_UNSIGNED_SHORT 2
| #define ALIGNMENT_VOID_P 4
| #define HTYPE_CHAR Int8
| #define HTYPE_SIGNED_CHAR Int8
| #define HTYPE_UNSIGNED_CHAR Word8
| #define HTYPE_SHORT Int16
| #define HTYPE_UNSIGNED_SHORT Word16
| #define HTYPE_INT Int32
| #define HTYPE_UNSIGNED_INT Word32
| #define HTYPE_LONG Int32
| #define HTYPE_UNSIGNED_LONG Word32
| #define HTYPE_LONG_LONG Int64
| #define HTYPE_UNSIGNED_LONG_LONG Word64
| #define HTYPE_FLOAT Float
| #define HTYPE_DOUBLE Double
| #define HTYPE_PTRDIFF_T Int32
| #define HTYPE_SIZE_T Word32
| #define HTYPE_WCHAR_T Int32
| #define HAVE_STRCASECMP 1
| /* end confdefs.h.  */
| /* System header to define __stub macros and hopefully few prototypes,
|     which can conflict with char strcmpi (); below.
|     Prefer <limits.h> to <assert.h> if __STDC__ is defined, since
|     <limits.h> exists even on freestanding compilers.  */
| #ifdef __STDC__
| # include <limits.h>
| #else
| # include <assert.h>
| #endif
| /* Override any gcc2 internal prototype to avoid an error.  */
| #ifdef __cplusplus
| extern "C"
| {
| #endif
| /* We use char because int might match the return type of a gcc2
|    builtin and then its argument prototype would still apply.  */
| char strcmpi ();
| /* The GNU C library defines this for functions which it implements
|     to always fail with ENOSYS.  Some functions are actually named
|     something starting with __ and the normal name is an alias.  */
| #if defined (__stub_strcmpi) || defined (__stub___strcmpi)
| choke me
| #else
| char (*f) () = strcmpi;
| #endif
| #ifdef __cplusplus
| }
| #endif
| 
| int
| main ()
| {
| return f != strcmpi;
|   ;
|   return 0;
| }
configure:43307: result: no
configure:43321: checking for strcmp
configure:43371: gcc -o conftest -g -O2   conftest.c  >&5
configure:43397: warning: conflicting types for built-in function `strcmp'
configure:43374: $? = 0
configure:43377: test -s conftest
configure:43380: $? = 0
configure:43391: result: yes
configure:43406: checking for vsnprintf
configure:43456: gcc -o conftest -g -O2   conftest.c  >&5
configure:43459: $? = 0
configure:43462: test -s conftest
configure:43465: $? = 0
configure:43476: result: yes
configure:43406: checking for _vsnprintf
configure:43456: gcc -o conftest -g -O2   conftest.c  >&5
/tmp/ccsc4IUR.o(.text+0x11): In function `main':
/local/home/hallgren/src/House/hOp-2004-06-09/ghc-6.2/configure:43500: undefined reference to `_vsnprintf'
/tmp/ccsc4IUR.o(.data+0x0):/local/home/hallgren/src/House/hOp-2004-06-09/ghc-6.2/configure:43499: undefined reference to `_vsnprintf'
collect2: ld returned 1 exit status
configure:43459: $? = 1
configure: failed program was:
| #line 43411 "configure"
| /* confdefs.h.  */
| 
| #define PACKAGE_NAME ""
| #define PACKAGE_TARNAME ""
| #define PACKAGE_VERSION ""
| #define PACKAGE_STRING ""
| #define PACKAGE_BUGREPORT ""
| #define HAVE_GCC_MNO_OMIT_LFPTR 1
| #define HAVE_BIN_SH 1
| #define STANDALONE 1
| #define HAVE_LONG_LONG 1
| #define SIZEOF_CHAR 1
| #define SIZEOF_DOUBLE 8
| #define SIZEOF_FLOAT 4
| #define SIZEOF_INT 4
| #define SIZEOF_LONG 4
| #define SIZEOF_LONG_LONG 8
| #define SIZEOF_SHORT 2
| #define SIZEOF_UNSIGNED_CHAR 1
| #define SIZEOF_UNSIGNED_INT 4
| #define SIZEOF_UNSIGNED_LONG 4
| #define SIZEOF_UNSIGNED_LONG_LONG 8
| #define SIZEOF_UNSIGNED_SHORT 2
| #define SIZEOF_VOID_P 4
| #define ALIGNMENT_CHAR 1
| #define ALIGNMENT_DOUBLE 4
| #define ALIGNMENT_FLOAT 4
| #define ALIGNMENT_INT 4
| #define ALIGNMENT_LONG 4
| #define ALIGNMENT_LONG_LONG 4
| #define ALIGNMENT_SHORT 2
| #define ALIGNMENT_UNSIGNED_CHAR 1
| #define ALIGNMENT_UNSIGNED_INT 4
| #define ALIGNMENT_UNSIGNED_LONG 4
| #define ALIGNMENT_UNSIGNED_LONG_LONG 4
| #define ALIGNMENT_UNSIGNED_SHORT 2
| #define ALIGNMENT_VOID_P 4
| #define HTYPE_CHAR Int8
| #define HTYPE_SIGNED_CHAR Int8
| #define HTYPE_UNSIGNED_CHAR Word8
| #define HTYPE_SHORT Int16
| #define HTYPE_UNSIGNED_SHORT Word16
| #define HTYPE_INT Int32
| #define HTYPE_UNSIGNED_INT Word32
| #define HTYPE_LONG Int32
| #define HTYPE_UNSIGNED_LONG Word32
| #define HTYPE_LONG_LONG Int64
| #define HTYPE_UNSIGNED_LONG_LONG Word64
| #define HTYPE_FLOAT Float
| #define HTYPE_DOUBLE Double
| #define HTYPE_PTRDIFF_T Int32
| #define HTYPE_SIZE_T Word32
| #define HTYPE_WCHAR_T Int32
| #define HAVE_STRCASECMP 1
| #define HAVE_STRCMP 1
| #define HAVE_VSNPRINTF 1
| /* end confdefs.h.  */
| /* System header to define __stub macros and hopefully few prototypes,
|     which can conflict with char _vsnprintf (); below.
|     Prefer <limits.h> to <assert.h> if __STDC__ is defined, since
|     <limits.h> exists even on freestanding compilers.  */
| #ifdef __STDC__
| # include <limits.h>
| #else
| # include <assert.h>
| #endif
| /* Override any gcc2 internal prototype to avoid an error.  */
| #ifdef __cplusplus
| extern "C"
| {
| #endif
| /* We use char because int might match the return type of a gcc2
|    builtin and then its argument prototype would still apply.  */
| char _vsnprintf ();
| /* The GNU C library defines this for functions which it implements
|     to always fail with ENOSYS.  Some functions are actually named
|     something starting with __ and the normal name is an alias.  */
| #if defined (__stub__vsnprintf) || defined (__stub____vsnprintf)
| choke me
| #else
| char (*f) () = _vsnprintf;
| #endif
| #ifdef __cplusplus
| }
| #endif
| 
| int
| main ()
| {
| return f != _vsnprintf;
|   ;
|   return 0;
| }
configure:43476: result: no
configure:43491: checking for snprintf
configure:43541: gcc -o conftest -g -O2   conftest.c  >&5
configure:43544: $? = 0
configure:43547: test -s conftest
configure:43550: $? = 0
configure:43561: result: yes
configure:43491: checking for _snprintf
configure:43541: gcc -o conftest -g -O2   conftest.c  >&5
/tmp/ccsKI5ZK.o(.text+0x11): In function `main':
/local/home/hallgren/src/House/hOp-2004-06-09/ghc-6.2/configure:43586: undefined reference to `_snprintf'
/tmp/ccsKI5ZK.o(.data+0x0):/local/home/hallgren/src/House/hOp-2004-06-09/ghc-6.2/configure:43585: undefined reference to `_snprintf'
collect2: ld returned 1 exit status
configure:43544: $? = 1
configure: failed program was:
| #line 43496 "configure"
| /* confdefs.h.  */
| 
| #define PACKAGE_NAME ""
| #define PACKAGE_TARNAME ""
| #define PACKAGE_VERSION ""
| #define PACKAGE_STRING ""
| #define PACKAGE_BUGREPORT ""
| #define HAVE_GCC_MNO_OMIT_LFPTR 1
| #define HAVE_BIN_SH 1
| #define STANDALONE 1
| #define HAVE_LONG_LONG 1
| #define SIZEOF_CHAR 1
| #define SIZEOF_DOUBLE 8
| #define SIZEOF_FLOAT 4
| #define SIZEOF_INT 4
| #define SIZEOF_LONG 4
| #define SIZEOF_LONG_LONG 8
| #define SIZEOF_SHORT 2
| #define SIZEOF_UNSIGNED_CHAR 1
| #define SIZEOF_UNSIGNED_INT 4
| #define SIZEOF_UNSIGNED_LONG 4
| #define SIZEOF_UNSIGNED_LONG_LONG 8
| #define SIZEOF_UNSIGNED_SHORT 2
| #define SIZEOF_VOID_P 4
| #define ALIGNMENT_CHAR 1
| #define ALIGNMENT_DOUBLE 4
| #define ALIGNMENT_FLOAT 4
| #define ALIGNMENT_INT 4
| #define ALIGNMENT_LONG 4
| #define ALIGNMENT_LONG_LONG 4
| #define ALIGNMENT_SHORT 2
| #define ALIGNMENT_UNSIGNED_CHAR 1
| #define ALIGNMENT_UNSIGNED_INT 4
| #define ALIGNMENT_UNSIGNED_LONG 4
| #define ALIGNMENT_UNSIGNED_LONG_LONG 4
| #define ALIGNMENT_UNSIGNED_SHORT 2
| #define ALIGNMENT_VOID_P 4
| #define HTYPE_CHAR Int8
| #define HTYPE_SIGNED_CHAR Int8
| #define HTYPE_UNSIGNED_CHAR Word8
| #define HTYPE_SHORT Int16
| #define HTYPE_UNSIGNED_SHORT Word16
| #define HTYPE_INT Int32
| #define HTYPE_UNSIGNED_INT Word32
| #define HTYPE_LONG Int32
| #define HTYPE_UNSIGNED_LONG Word32
| #define HTYPE_LONG_LONG Int64
| #define HTYPE_UNSIGNED_LONG_LONG Word64
| #define HTYPE_FLOAT Float
| #define HTYPE_DOUBLE Double
| #define HTYPE_PTRDIFF_T Int32
| #define HTYPE_SIZE_T Word32
| #define HTYPE_WCHAR_T Int32
| #define HAVE_STRCASECMP 1
| #define HAVE_STRCMP 1
| #define HAVE_VSNPRINTF 1
| #define HAVE_SNPRINTF 1
| /* end confdefs.h.  */
| /* System header to define __stub macros and hopefully few prototypes,
|     which can conflict with char _snprintf (); below.
|     Prefer <limits.h> to <assert.h> if __STDC__ is defined, since
|     <limits.h> exists even on freestanding compilers.  */
| #ifdef __STDC__
| # include <limits.h>
| #else
| # include <assert.h>
| #endif
| /* Override any gcc2 internal prototype to avoid an error.  */
| #ifdef __cplusplus
| extern "C"
| {
| #endif
| /* We use char because int might match the return type of a gcc2
|    builtin and then its argument prototype would still apply.  */
| char _snprintf ();
| /* The GNU C library defines this for functions which it implements
|     to always fail with ENOSYS.  Some functions are actually named
|     something starting with __ and the normal name is an alias.  */
| #if defined (__stub__snprintf) || defined (__stub____snprintf)
| choke me
| #else
| char (*f) () = _snprintf;
| #endif
| #ifdef __cplusplus
| }
| #endif
| 
| int
| main ()
| {
| return f != _snprintf;
|   ;
|   return 0;
| }
configure:43561: result: no
configure:43671: creating ./config.status

## ---------------------- ##
## Running config.status. ##
## ---------------------- ##

This file was extended by config.status, which was
generated by GNU Autoconf 2.57.  Invocation command line was

  CONFIG_FILES    = 
  CONFIG_HEADERS  = 
  CONFIG_LINKS    = 
  CONFIG_COMMANDS = 
  $ ./config.status 

on skalman.altocumulus.org

config.status:725: creating mk/config.mk
config.status:829: creating mk/config.h
config.status:1128: executing default commands
configure:44872: configuring in ghc
configure:44956: running /bin/sh './configure' --prefix=/usr/local  '--enable-standalone-rts' --cache-file=/dev/null --srcdir=.
configure:44872: configuring in libraries
configure:44956: running /bin/sh './configure' --prefix=/usr/local  '--enable-standalone-rts' --cache-file=/dev/null --srcdir=.

## ---------------- ##
## Cache variables. ##
## ---------------- ##

ac_cv_build=i686-pc-linux-gnu
ac_cv_build_alias=i686-pc-linux-gnu
ac_cv_c_bigendian=no
ac_cv_c_compiler_gnu=yes
ac_cv_c_const=yes
ac_cv_env_CC_set=
ac_cv_env_CC_value=
ac_cv_env_CFLAGS_set=
ac_cv_env_CFLAGS_value=
ac_cv_env_CPPFLAGS_set=
ac_cv_env_CPPFLAGS_value=
ac_cv_env_CPP_set=
ac_cv_env_CPP_value=
ac_cv_env_LDFLAGS_set=
ac_cv_env_LDFLAGS_value=
ac_cv_env_build_alias_set=
ac_cv_env_build_alias_value=
ac_cv_env_host_alias_set=
ac_cv_env_host_alias_value=
ac_cv_env_target_alias_set=
ac_cv_env_target_alias_value=
ac_cv_exeext=
ac_cv_func__snprintf=no
ac_cv_func__stricmp=no
ac_cv_func__vsnprintf=no
ac_cv_func_snprintf=yes
ac_cv_func_strcasecmp=yes
ac_cv_func_strcmp=yes
ac_cv_func_strcmpi=no
ac_cv_func_stricmp=no
ac_cv_func_vsnprintf=yes
ac_cv_host=i686-pc-linux-gnu
ac_cv_host_alias=i686-pc-linux-gnu
ac_cv_lib_elf_nlist=no
ac_cv_lib_gmp___gmpz_fdiv_qr=yes
ac_cv_lib_m_main=yes
ac_cv_objext=o
ac_cv_path_AlexCmd=/usr/local/bin/alex
ac_cv_path_ArCmdRaw=/usr/bin/ar
ac_cv_path_GHC=/usr/bin/ghc
ac_cv_path_HBC=/usr/local/bin/hbc
ac_cv_path_HaddockCmd=
ac_cv_path_HappyCmd=/usr/bin/happy
ac_cv_path_JadeCmd=/usr/bin/openjade
ac_cv_path_LdCmdRaw=/usr/bin/ld
ac_cv_path_PerlCmd=/usr/bin/perl
ac_cv_path_PythonCmd=/usr/bin/python
ac_cv_path_SedCmd=/bin/sed
ac_cv_path_TarCmd=/bin/gtar
ac_cv_path_TimeCmd=/usr/bin/time
ac_cv_path_fp_prog_find=/usr/bin/find
ac_cv_path_install='/usr/bin/install -c'
ac_cv_prog_CPP='gcc -E'
ac_cv_prog_ac_ct_CC=gcc
ac_cv_prog_cc_g=yes
ac_cv_prog_cc_stdc=
ac_cv_sizeof_char=1
ac_cv_sizeof_double=8
ac_cv_sizeof_float=4
ac_cv_sizeof_int=4
ac_cv_sizeof_long=4
ac_cv_sizeof_long_long=8
ac_cv_sizeof_short=2
ac_cv_sizeof_unsigned_char=1
ac_cv_sizeof_unsigned_int=4
ac_cv_sizeof_unsigned_long=4
ac_cv_sizeof_unsigned_long_long=8
ac_cv_sizeof_unsigned_short=2
ac_cv_sizeof_void_p=4
ac_cv_sys_interpreter=yes
ac_cv_target=i686-pc-linux-gnu
ac_cv_target_alias=i686-pc-linux-gnu
ac_cv_type_char=yes
ac_cv_type_double=yes
ac_cv_type_float=yes
ac_cv_type_int=yes
ac_cv_type_long=yes
ac_cv_type_long_long=yes
ac_cv_type_short=yes
ac_cv_type_unsigned_char=yes
ac_cv_type_unsigned_int=yes
ac_cv_type_unsigned_long=yes
ac_cv_type_unsigned_long_long=yes
ac_cv_type_unsigned_short=yes
ac_cv_type_void_p=yes
fp_cv_CFLAGS_mno_cygwin=no
fp_cv_alignment_char=1
fp_cv_alignment_double=4
fp_cv_alignment_float=4
fp_cv_alignment_int=4
fp_cv_alignment_long=4
fp_cv_alignment_long_long=4
fp_cv_alignment_short=2
fp_cv_alignment_unsigned_char=1
fp_cv_alignment_unsigned_int=4
fp_cv_alignment_unsigned_long=4
fp_cv_alignment_unsigned_long_long=4
fp_cv_alignment_unsigned_short=2
fp_cv_alignment_void_p=4
fp_cv_context_diff='diff -C 1'
fptools_cv_alex_version=
fptools_cv_gcc_needs_no_omit_lfptr=yes
fptools_cv_happy_version=1.14
fptools_cv_have_gcc=yes
fptools_cv_htype_char=Int8
fptools_cv_htype_double=Double
fptools_cv_htype_float=Float
fptools_cv_htype_int=Int32
fptools_cv_htype_long=Int32
fptools_cv_htype_long_long=Int64
fptools_cv_htype_ptrdiff_t=Int32
fptools_cv_htype_short=Int16
fptools_cv_htype_signed_char=Int8
fptools_cv_htype_size_t=Word32
fptools_cv_htype_sup_char=yes
fptools_cv_htype_sup_double=yes
fptools_cv_htype_sup_float=yes
fptools_cv_htype_sup_int=yes
fptools_cv_htype_sup_long=yes
fptools_cv_htype_sup_long_long=yes
fptools_cv_htype_sup_ptrdiff_t=yes
fptools_cv_htype_sup_short=yes
fptools_cv_htype_sup_signed_char=yes
fptools_cv_htype_sup_size_t=yes
fptools_cv_htype_sup_unsigned_char=yes
fptools_cv_htype_sup_unsigned_int=yes
fptools_cv_htype_sup_unsigned_long=yes
fptools_cv_htype_sup_unsigned_long_long=yes
fptools_cv_htype_sup_unsigned_short=yes
fptools_cv_htype_sup_wchar_t=yes
fptools_cv_htype_unsigned_char=Word8
fptools_cv_htype_unsigned_int=Word32
fptools_cv_htype_unsigned_long=Word32
fptools_cv_htype_unsigned_long_long=Word64
fptools_cv_htype_unsigned_short=Word16
fptools_cv_htype_wchar_t=Int32
fptools_cv_ld_x=yes
fptools_cv_lead_uscore=no
fptools_cv_sgml_catalog=/etc/sgml/catalog
fptools_cv_shebang_perl=yes

## ----------------- ##
## Output variables. ##
## ----------------- ##

ALLOCA=''
AlexCmd='/usr/local/bin/alex'
AlexVersion=''
ArCmd='/usr/bin/ar q'
ArCmdRaw='/usr/bin/ar'
ArSupportsInput=''
BootingFromHc='NO'
BootingFromUnregisterisedHc='NO'
BuildArch_CPP='i386'
BuildOS_CPP='linux'
BuildPlatform='i386-unknown-linux'
BuildPlatform_CPP='i386_unknown_linux'
BuildVendor_CPP='unknown'
CC='gcc'
CFLAGS='-g -O2'
CPP='gcc -E'
CPPFLAGS=''
Catalog='/etc/sgml/catalog'
ContextDiffCmd='diff -C 1'
DEFS='-DHAVE_CONFIG_H'
DotnetSupport='NO'
ECHO_C=''
ECHO_N='-n'
ECHO_T=''
EGREP=''
EXEEXT=''
FindCmd='/usr/bin/find'
GHC='/usr/bin/ghc'
GLUT_LIBS=''
GL_CFLAGS=''
GL_LIBS=''
GTK_CONFIG=''
GhcLibsWithGLUT='NO'
GhcLibsWithObjectIO='NO'
GhcLibsWithOpenGL='NO'
GhcLibsWithUnix='YES'
GhcMajVersion='6'
GhcMinVersion='2'
GhcPatchLevel='1'
GhcPkgCmd='/usr/bin/ghc-pkg'
GhcVersion='6.2.1'
GreenCardCmd=''
GreenCardVersion=''
HBC='/usr/local/bin/hbc'
HaddockCmd=''
HappyCmd='/usr/bin/happy'
HappyVersion='1.14'
HaveFrameworkHaskellSupport=''
HaveGcc='YES'
HaveLibDL=''
HaveLibGmp='YES'
HaveLibMingwEx=''
HavePosixRegex=''
HaveReadlineHeaders=''
HaveRtldGlobal=''
HaveRtldLocal=''
HaveRtldNext=''
HaveRtldNow=''
HostArch_CPP='i386'
HostOS_CPP='linux'
HostOS_Full='linux-gnu'
HostPlatform='i386-unknown-linux'
HostPlatform_CPP='i386_unknown_linux'
HostVendor_CPP='unknown'
INSTALL_DATA='${INSTALL} -m 644'
INSTALL_PROGRAM='${INSTALL}'
INSTALL_SCRIPT='${INSTALL}'
JadeCmd='/usr/bin/openjade'
LDFLAGS=''
LIBM='-lm'
LIBOBJS=''
LIBS=''
LN_S='ln -s'
LTLIBOBJS=''
LdCmd='/usr/bin/ld'
LdCmdRaw='/usr/bin/ld'
LdXFlag='-x'
LeadingUnderscore='NO'
LibGmp='gmp'
LibsReadline=''
NHC=''
OBJEXT='o'
PACKAGE_BUGREPORT=''
PACKAGE_NAME=''
PACKAGE_STRING=''
PACKAGE_TARNAME=''
PACKAGE_VERSION=''
PATH_SEPARATOR=':'
PerlCmd='/usr/bin/perl'
PythonCmd='/usr/bin/python'
RANLIB=':'
SHELL='/bin/sh'
SRC_CC_OPTS='-O'
SedCmd='/bin/sed'
StandaloneRts='YES'
TarCmd='/bin/gtar'
TargetArch_CPP='i386'
TargetOS_CPP='linux'
TargetPlatform='i386-unknown-linux'
TargetPlatform_CPP='i386_unknown_linux'
TargetVendor_CPP='unknown'
ThreadedRts='NO'
TimeCmd='/usr/bin/time'
WhatGccIsCalled='gcc'
WithGhc='/usr/bin/ghc'
WithHc='/usr/bin/ghc'
X_CFLAGS=''
X_EXTRA_LIBS=''
X_LIBS=''
X_PRE_LIBS=''
ac_ct_CC='gcc'
ac_ct_RANLIB=''
bindir='${exec_prefix}/bin'
build='i686-pc-linux-gnu'
build_alias=''
build_cpu='i686'
build_os='linux-gnu'
build_vendor='pc'
datadir='${prefix}/share'
exec_prefix='${prefix}'
exeext=''
fp_prog_find='/usr/bin/find'
hardtop='/local/home/hallgren/src/House/hOp-2004-06-09/ghc-6.2'
hardtop_plat='/local/home/hallgren/src/House/hOp-2004-06-09/ghc-6.2'
host='i686-pc-linux-gnu'
host_alias=''
host_cpu='i686'
host_os='linux-gnu'
host_vendor='pc'
includedir='${prefix}/include'
infodir='${prefix}/info'
libdir='${exec_prefix}/lib'
libexecdir='${exec_prefix}/libexec'
localstatedir='${prefix}/var'
mandir='${prefix}/man'
oldincludedir='/usr/include'
prefix='/usr/local'
program_transform_name='s,x,x,'
sbindir='${exec_prefix}/sbin'
sharedstatedir='${prefix}/com'
subdirs=' ghc libraries'
sysconfdir='${prefix}/etc'
target='i686-pc-linux-gnu'
target_alias=''
target_cpu='i686'
target_os='linux-gnu'
target_vendor='pc'
unix_SRC_HSC2HS_OPTS=''

## ----------- ##
## confdefs.h. ##
## ----------- ##

#define ALIGNMENT_CHAR 1
#define ALIGNMENT_DOUBLE 4
#define ALIGNMENT_FLOAT 4
#define ALIGNMENT_INT 4
#define ALIGNMENT_LONG 4
#define ALIGNMENT_LONG_LONG 4
#define ALIGNMENT_SHORT 2
#define ALIGNMENT_UNSIGNED_CHAR 1
#define ALIGNMENT_UNSIGNED_INT 4
#define ALIGNMENT_UNSIGNED_LONG 4
#define ALIGNMENT_UNSIGNED_LONG_LONG 4
#define ALIGNMENT_UNSIGNED_SHORT 2
#define ALIGNMENT_VOID_P 4
#define HAVE_BIN_SH 1
#define HAVE_GCC_MNO_OMIT_LFPTR 1
#define HAVE_LONG_LONG 1
#define HAVE_SNPRINTF 1
#define HAVE_STRCASECMP 1
#define HAVE_STRCMP 1
#define HAVE_VSNPRINTF 1
#define HTYPE_CHAR Int8
#define HTYPE_DOUBLE Double
#define HTYPE_FLOAT Float
#define HTYPE_INT Int32
#define HTYPE_LONG Int32
#define HTYPE_LONG_LONG Int64
#define HTYPE_PTRDIFF_T Int32
#define HTYPE_SHORT Int16
#define HTYPE_SIGNED_CHAR Int8
#define HTYPE_SIZE_T Word32
#define HTYPE_UNSIGNED_CHAR Word8
#define HTYPE_UNSIGNED_INT Word32
#define HTYPE_UNSIGNED_LONG Word32
#define HTYPE_UNSIGNED_LONG_LONG Word64
#define HTYPE_UNSIGNED_SHORT Word16
#define HTYPE_WCHAR_T Int32
#define PACKAGE_BUGREPORT ""
#define PACKAGE_NAME ""
#define PACKAGE_STRING ""
#define PACKAGE_TARNAME ""
#define PACKAGE_VERSION ""
#define SIZEOF_CHAR 1
#define SIZEOF_DOUBLE 8
#define SIZEOF_FLOAT 4
#define SIZEOF_INT 4
#define SIZEOF_LONG 4
#define SIZEOF_LONG_LONG 8
#define SIZEOF_SHORT 2
#define SIZEOF_UNSIGNED_CHAR 1
#define SIZEOF_UNSIGNED_INT 4
#define SIZEOF_UNSIGNED_LONG 4
#define SIZEOF_UNSIGNED_LONG_LONG 8
#define SIZEOF_UNSIGNED_SHORT 2
#define SIZEOF_VOID_P 4
#define STANDALONE 1

configure: exit 0
